[2025-11-12 13:05:35,027] ERROR django.request: Internal Server Error: /cadastro
Traceback (most recent call last):
  File "/home/diego/Work/Django/EmagrecimentoDefinitivoApp/venv/lib/python3.10/site-packages/django/db/backends/utils.py", line 84, in _execute
    return self.cursor.execute(sql, params)
  File "/home/diego/Work/Django/EmagrecimentoDefinitivoApp/venv/lib/python3.10/site-packages/django/db/backends/sqlite3/base.py", line 423, in execute
    return Database.Cursor.execute(self, query, params)
sqlite3.IntegrityError: FOREIGN KEY constraint failed

The above exception was the direct cause of the following exception:

Traceback (most recent call last):
  File "/home/diego/Work/Django/EmagrecimentoDefinitivoApp/venv/lib/python3.10/site-packages/django/core/handlers/exception.py", line 47, in inner
    response = get_response(request)
  File "/home/diego/Work/Django/EmagrecimentoDefinitivoApp/venv/lib/python3.10/site-packages/django/core/handlers/base.py", line 181, in _get_response
    response = wrapped_callback(request, *callback_args, **callback_kwargs)
  File "/home/diego/Work/Django/Emagrecimiento/core/views.py", line 202, in cadastro
    form.save()
  File "/home/diego/Work/Django/EmagrecimentoDefinitivoApp/venv/lib/python3.10/site-packages/django/forms/models.py", line 468, in save
    self.instance.save()
  File "/home/diego/Work/Django/EmagrecimentoDefinitivoApp/venv/lib/python3.10/site-packages/django/db/models/base.py", line 739, in save
    self.save_base(using=using, force_insert=force_insert,
  File "/home/diego/Work/Django/EmagrecimentoDefinitivoApp/venv/lib/python3.10/site-packages/django/db/models/base.py", line 776, in save_base
    updated = self._save_table(
  File "/home/diego/Work/Django/EmagrecimentoDefinitivoApp/venv/lib/python3.10/site-packages/django/db/models/base.py", line 881, in _save_table
    results = self._do_insert(cls._base_manager, using, fields, returning_fields, raw)
  File "/home/diego/Work/Django/EmagrecimentoDefinitivoApp/venv/lib/python3.10/site-packages/django/db/models/base.py", line 919, in _do_insert
    return manager._insert(
  File "/home/diego/Work/Django/EmagrecimentoDefinitivoApp/venv/lib/python3.10/site-packages/django/db/models/manager.py", line 85, in manager_method
    return getattr(self.get_queryset(), name)(*args, **kwargs)
  File "/home/diego/Work/Django/EmagrecimentoDefinitivoApp/venv/lib/python3.10/site-packages/django/db/models/query.py", line 1270, in _insert
    return query.get_compiler(using=using).execute_sql(returning_fields)
  File "/home/diego/Work/Django/EmagrecimentoDefinitivoApp/venv/lib/python3.10/site-packages/django/db/models/sql/compiler.py", line 1416, in execute_sql
    cursor.execute(sql, params)
  File "/home/diego/Work/Django/EmagrecimentoDefinitivoApp/venv/lib/python3.10/site-packages/django/db/backends/utils.py", line 98, in execute
    return super().execute(sql, params)
  File "/home/diego/Work/Django/EmagrecimentoDefinitivoApp/venv/lib/python3.10/site-packages/django/db/backends/utils.py", line 66, in execute
    return self._execute_with_wrappers(sql, params, many=False, executor=self._execute)
  File "/home/diego/Work/Django/EmagrecimentoDefinitivoApp/venv/lib/python3.10/site-packages/django/db/backends/utils.py", line 75, in _execute_with_wrappers
    return executor(sql, params, many, context)
  File "/home/diego/Work/Django/EmagrecimentoDefinitivoApp/venv/lib/python3.10/site-packages/django/db/backends/utils.py", line 79, in _execute
    with self.db.wrap_database_errors:
  File "/home/diego/Work/Django/EmagrecimentoDefinitivoApp/venv/lib/python3.10/site-packages/django/db/utils.py", line 90, in __exit__
    raise dj_exc_value.with_traceback(traceback) from exc_value
  File "/home/diego/Work/Django/EmagrecimentoDefinitivoApp/venv/lib/python3.10/site-packages/django/db/backends/utils.py", line 84, in _execute
    return self.cursor.execute(sql, params)
  File "/home/diego/Work/Django/EmagrecimentoDefinitivoApp/venv/lib/python3.10/site-packages/django/db/backends/sqlite3/base.py", line 423, in execute
    return Database.Cursor.execute(self, query, params)
django.db.utils.IntegrityError: FOREIGN KEY constraint failed
[2025-11-12 13:05:35,027] ERROR django.request: Internal Server Error: /cadastro
Traceback (most recent call last):
  File "/home/diego/Work/Django/EmagrecimentoDefinitivoApp/venv/lib/python3.10/site-packages/django/db/backends/utils.py", line 84, in _execute
    return self.cursor.execute(sql, params)
  File "/home/diego/Work/Django/EmagrecimentoDefinitivoApp/venv/lib/python3.10/site-packages/django/db/backends/sqlite3/base.py", line 423, in execute
    return Database.Cursor.execute(self, query, params)
sqlite3.IntegrityError: FOREIGN KEY constraint failed

The above exception was the direct cause of the following exception:

Traceback (most recent call last):
  File "/home/diego/Work/Django/EmagrecimentoDefinitivoApp/venv/lib/python3.10/site-packages/django/core/handlers/exception.py", line 47, in inner
    response = get_response(request)
  File "/home/diego/Work/Django/EmagrecimentoDefinitivoApp/venv/lib/python3.10/site-packages/django/core/handlers/base.py", line 181, in _get_response
    response = wrapped_callback(request, *callback_args, **callback_kwargs)
  File "/home/diego/Work/Django/Emagrecimiento/core/views.py", line 202, in cadastro
    form.save()
  File "/home/diego/Work/Django/EmagrecimentoDefinitivoApp/venv/lib/python3.10/site-packages/django/forms/models.py", line 468, in save
    self.instance.save()
  File "/home/diego/Work/Django/EmagrecimentoDefinitivoApp/venv/lib/python3.10/site-packages/django/db/models/base.py", line 739, in save
    self.save_base(using=using, force_insert=force_insert,
  File "/home/diego/Work/Django/EmagrecimentoDefinitivoApp/venv/lib/python3.10/site-packages/django/db/models/base.py", line 776, in save_base
    updated = self._save_table(
  File "/home/diego/Work/Django/EmagrecimentoDefinitivoApp/venv/lib/python3.10/site-packages/django/db/models/base.py", line 881, in _save_table
    results = self._do_insert(cls._base_manager, using, fields, returning_fields, raw)
  File "/home/diego/Work/Django/EmagrecimentoDefinitivoApp/venv/lib/python3.10/site-packages/django/db/models/base.py", line 919, in _do_insert
    return manager._insert(
  File "/home/diego/Work/Django/EmagrecimentoDefinitivoApp/venv/lib/python3.10/site-packages/django/db/models/manager.py", line 85, in manager_method
    return getattr(self.get_queryset(), name)(*args, **kwargs)
  File "/home/diego/Work/Django/EmagrecimentoDefinitivoApp/venv/lib/python3.10/site-packages/django/db/models/query.py", line 1270, in _insert
    return query.get_compiler(using=using).execute_sql(returning_fields)
  File "/home/diego/Work/Django/EmagrecimentoDefinitivoApp/venv/lib/python3.10/site-packages/django/db/models/sql/compiler.py", line 1416, in execute_sql
    cursor.execute(sql, params)
  File "/home/diego/Work/Django/EmagrecimentoDefinitivoApp/venv/lib/python3.10/site-packages/django/db/backends/utils.py", line 98, in execute
    return super().execute(sql, params)
  File "/home/diego/Work/Django/EmagrecimentoDefinitivoApp/venv/lib/python3.10/site-packages/django/db/backends/utils.py", line 66, in execute
    return self._execute_with_wrappers(sql, params, many=False, executor=self._execute)
  File "/home/diego/Work/Django/EmagrecimentoDefinitivoApp/venv/lib/python3.10/site-packages/django/db/backends/utils.py", line 75, in _execute_with_wrappers
    return executor(sql, params, many, context)
  File "/home/diego/Work/Django/EmagrecimentoDefinitivoApp/venv/lib/python3.10/site-packages/django/db/backends/utils.py", line 79, in _execute
    with self.db.wrap_database_errors:
  File "/home/diego/Work/Django/EmagrecimentoDefinitivoApp/venv/lib/python3.10/site-packages/django/db/utils.py", line 90, in __exit__
    raise dj_exc_value.with_traceback(traceback) from exc_value
  File "/home/diego/Work/Django/EmagrecimentoDefinitivoApp/venv/lib/python3.10/site-packages/django/db/backends/utils.py", line 84, in _execute
    return self.cursor.execute(sql, params)
  File "/home/diego/Work/Django/EmagrecimentoDefinitivoApp/venv/lib/python3.10/site-packages/django/db/backends/sqlite3/base.py", line 423, in execute
    return Database.Cursor.execute(self, query, params)
django.db.utils.IntegrityError: FOREIGN KEY constraint failed
[2025-11-12 13:05:35,030] ERROR django.server: "POST /cadastro HTTP/1.1" 500 173819
[2025-11-12 13:05:35,030] ERROR django.server: "POST /cadastro HTTP/1.1" 500 173819
